<?xml version="1.0" encoding="UTF-8"?>
<!-- Generated by org.testng.reporters.JUnitReportReporter -->
<testsuite hostname="DESKTOP-TNINED8" failures="0" tests="4" name="mainRunPage.deliveryPageRun" time="23.475" errors="0" timestamp="2023-07-14T11:07:29 IST" skipped="0">
  <testcase classname="mainRunPage.deliveryPageRun" name="clkOnSubmitBtn" time="0.501"/>
  <testcase classname="mainRunPage.deliveryPageRun" name="browserAccess" time="2.653"/>
  <testcase classname="mainRunPage.deliveryPageRun" name="userSelectBranch" time="2.222"/>
  <testcase classname="mainRunPage.deliveryPageRun" name="enterDeliveryDetails" time="18.099"/>
</testsuite> <!-- mainRunPage.deliveryPageRun -->
