<?xml version="1.0" encoding="UTF-8"?>
<!-- Generated by org.testng.reporters.JUnitReportReporter -->
<testsuite hostname="DESKTOP-TNINED8" failures="0" tests="5" name="mainRunPage.PickUpPageRun" time="25.977" errors="0" timestamp="2023-07-14T11:07:29 IST" skipped="0">
  <testcase classname="mainRunPage.PickUpPageRun" name="clkOnBranch" time="2.253"/>
  <testcase classname="mainRunPage.PickUpPageRun" name="clkOnPickUpBtn" time="5.183"/>
  <testcase classname="mainRunPage.PickUpPageRun" name="clkOnPickUpSbmtBtn" time="0.485"/>
  <testcase classname="mainRunPage.PickUpPageRun" name="launchApp" time="2.632"/>
  <testcase classname="mainRunPage.PickUpPageRun" name="enterPickUpDetails" time="15.424"/>
</testsuite> <!-- mainRunPage.PickUpPageRun -->
