<?xml version="1.0" encoding="UTF-8"?>
<!-- Generated by org.testng.reporters.JUnitReportReporter -->
<testsuite hostname="Krypton" failures="0" tests="1" name="PageObjectModel.KitchenParametersTest" time="13.189" errors="0" timestamp="2023-06-28T14:36:51 IST" skipped="0">
  <testcase classname="PageObjectModel.KitchenParametersTest" name="login_and_category_details" time="13.189"/>
</testsuite> <!-- PageObjectModel.KitchenParametersTest -->
